# JRE version: Java(TM) SE Runtime Environment (21.0.11+9) (build 21.0.11+9-LTS-211)
# Java VM: Java HotSpot(TM) 64-Bit Server VM (21.0.11+9-LTS-211, mixed mode, sharing, tiered, compressed oops, compressed class ptrs, g1 gc, windows-amd64)
GC Precious Log:
 CardTable entry size: 512
 Card Set container configuration: InlinePtr #cards 4 size 8 Array Of Cards #cards 16 size 48 Howl #buckets 8 coarsen threshold 3686 Howl Bitmap #cards 512 size 80 coarsen threshold 460 Card regions per heap region 1 cards per card region 4096
 CPUs: 8 total, 8 available
 Memory: 16106M
 Large Page Support: Disabled
 NUMA Support: Disabled
 Compressed Oops: Enabled (Zero based)
 Heap Region Size: 2M
 Heap Min Capacity: 8M
 Heap Initial Capacity: 252M
 Heap Max Capacity: 4028M
 Pre-touch: Disabled
 Parallel Workers: 8
 Concurrent Workers: 2
 Concurrent Refinement Workers: 8
 Periodic GC: Disabled
Heap:
 garbage-first heap   total 139264K, used 56714K [0x0000000704400000, 0x0000000800000000)
  region size 2048K, 8 young (16384K), 3 survivors (6144K)
 Metaspace       used 31627K, committed 32128K, reserved 1114112K
  class space    used 3546K, committed 3776K, reserved 1048576K
GC Heap History (12 events):
Event: 0.527 GC heap before
{Heap before GC invocations=0 (full 0):
 garbage-first heap   total 258048K, used 22528K [0x0000000704400000, 0x0000000800000000)
  region size 2048K, 11 young (22528K), 0 survivors (0K)
 Metaspace       used 5362K, committed 5568K, reserved 1114112K
  class space    used 618K, committed 704K, reserved 1048576K
}
Event: 0.531 GC heap after
{Heap after GC invocations=1 (full 0):
 garbage-first heap   total 258048K, used 3807K [0x0000000704400000, 0x0000000800000000)
  region size 2048K, 2 young (4096K), 2 survivors (4096K)
 Metaspace       used 5362K, committed 5568K, reserved 1114112K
  class space    used 618K, committed 704K, reserved 1048576K
}
Event: 1.109 GC heap before
{Heap before GC invocations=1 (full 0):
 garbage-first heap   total 258048K, used 36575K [0x0000000704400000, 0x0000000800000000)
  region size 2048K, 18 young (36864K), 2 survivors (4096K)
 Metaspace       used 8497K, committed 8704K, reserved 1114112K
  class space    used 988K, committed 1088K, reserved 1048576K
}
Event: 1.113 GC heap after
{Heap after GC invocations=2 (full 0):
 garbage-first heap   total 258048K, used 5072K [0x0000000704400000, 0x0000000800000000)
  region size 2048K, 1 young (2048K), 1 survivors (2048K)
 Metaspace       used 8497K, committed 8704K, reserved 1114112K
  class space    used 988K, committed 1088K, reserved 1048576K
}
Event: 3.369 GC heap before
{Heap before GC invocations=2 (full 0):
 garbage-first heap   total 258048K, used 156624K [0x0000000704400000, 0x0000000800000000)
  region size 2048K, 75 young (153600K), 1 survivors (2048K)
 Metaspace       used 17389K, committed 17728K, reserved 1114112K
  class space    used 1989K, committed 2176K, reserved 1048576K
}
Event: 3.381 GC heap after
{Heap after GC invocations=3 (full 0):
 garbage-first heap   total 258048K, used 17182K [0x0000000704400000, 0x0000000800000000)
  region size 2048K, 7 young (14336K), 7 survivors (14336K)
 Metaspace       used 17389K, committed 17728K, reserved 1114112K
  class space    used 1989K, committed 2176K, reserved 1048576K
}
Event: 3.912 GC heap before
{Heap before GC invocations=3 (full 0):
 garbage-first heap   total 258048K, used 56094K [0x0000000704400000, 0x0000000800000000)
  region size 2048K, 24 young (49152K), 7 survivors (14336K)
 Metaspace       used 21201K, committed 21504K, reserved 1114112K
  class space    used 2457K, committed 2624K, reserved 1048576K
}
Event: 3.924 GC heap after
{Heap after GC invocations=4 (full 0):
 garbage-first heap   total 258048K, used 30915K [0x0000000704400000, 0x0000000800000000)
  region size 2048K, 3 young (6144K), 3 survivors (6144K)
 Metaspace       used 21201K, committed 21504K, reserved 1114112K
  class space    used 2457K, committed 2624K, reserved 1048576K
}
Event: 5.589 GC heap before
{Heap before GC invocations=5 (full 0):
 garbage-first heap   total 116736K, used 114883K [0x0000000704400000, 0x0000000800000000)
  region size 2048K, 44 young (90112K), 3 survivors (6144K)
 Metaspace       used 28259K, committed 28672K, reserved 1114112K
  class space    used 3183K, committed 3392K, reserved 1048576K
}
Event: 5.605 GC heap after
{Heap after GC invocations=6 (full 0):
 garbage-first heap   total 139264K, used 43251K [0x0000000704400000, 0x0000000800000000)
  region size 2048K, 10 young (20480K), 10 survivors (20480K)
 Metaspace       used 28259K, committed 28672K, reserved 1114112K
  class space    used 3183K, committed 3392K, reserved 1048576K
}
Event: 6.375 GC heap before
{Heap before GC invocations=6 (full 0):
 garbage-first heap   total 139264K, used 104691K [0x0000000704400000, 0x0000000800000000)
  region size 2048K, 40 young (81920K), 10 survivors (20480K)
 Metaspace       used 30864K, committed 31424K, reserved 1114112K
  class space    used 3458K, committed 3712K, reserved 1048576K
}
Event: 6.400 GC heap after
{Heap after GC invocations=7 (full 0):
 garbage-first heap   total 139264K, used 48522K [0x0000000704400000, 0x0000000800000000)
  region size 2048K, 3 young (6144K), 3 survivors (6144K)
 Metaspace       used 30864K, committed 31424K, reserved 1114112K
  class space    used 3458K, committed 3712K, reserved 1048576K
}

